<?xml version="1.0" encoding="UTF-8"?>
<!-- Generated by org.testng.reporters.JUnitReportReporter -->
<testsuite hostname="LAPTOP-JOF7DOEN" failures="0" tests="1" name="responseVerification.DynamicResponseValidationTest" time="2.849" errors="0" timestamp="2022-02-10T16:40:53 IST" skipped="0">
  <testcase classname="responseVerification.DynamicResponseValidationTest" name="verify" time="2.849"/>
  <system-out/>
</testsuite> <!-- responseVerification.DynamicResponseValidationTest -->
