<?xml version="1.0" encoding="UTF-8"?>
<!-- Generated by org.testng.reporters.JUnitReportReporter -->
<testsuite hostname="LAPTOP-JOF7DOEN" failures="0" tests="1" name="com.RMGYantraTest.CreateResourceAndVarifyInDbTest" time="5.131" errors="0" timestamp="2022-02-12T19:04:30 IST" skipped="0">
  <testcase classname="com.RMGYantraTest.CreateResourceAndVarifyInDbTest" name="createResourceAndVarifyInDBTest" time="5.131"/>
  <system-out>
    <![CDATA[TY_PROJ_2002 data in response body
TY_PROJ_2002 data in database
Data verification successful]]>
  </system-out>
</testsuite> <!-- com.RMGYantraTest.CreateResourceAndVarifyInDbTest -->
