<?xml version="1.0" encoding="UTF-8"?>
<!-- Generated by org.testng.reporters.JUnitReportReporter -->
<testsuite hostname="LAPTOP-JOF7DOEN" failures="0" tests="1" name="differentWaysToPostRequest.CreateAResourceUsingHashMap" time="3.906" errors="0" timestamp="2022-02-10T15:55:56 IST" skipped="0">
  <testcase classname="differentWaysToPostRequest.CreateAResourceUsingHashMap" name="create" time="3.906"/>
  <system-out/>
</testsuite> <!-- differentWaysToPostRequest.CreateAResourceUsingHashMap -->
