<?xml version="1.0" encoding="UTF-8"?>
<!-- Generated by org.testng.reporters.JUnitReportReporter -->
<testsuite hostname="LAPTOP-JOF7DOEN" failures="0" tests="1" name="practiceCRUDwithBDD.GetAllResource" time="2.384" errors="0" timestamp="2022-02-10T15:08:47 IST" skipped="0">
  <testcase classname="practiceCRUDwithBDD.GetAllResource" name="createResource" time="2.384"/>
  <system-out/>
</testsuite> <!-- practiceCRUDwithBDD.GetAllResource -->
