<?xml version="1.0" encoding="UTF-8"?>
<!-- Generated by org.testng.reporters.JUnitReportReporter -->
<testsuite hostname="LAPTOP-JOF7DOEN" failures="0" tests="1" name="com.authentication.Auth2" time="4.385" errors="0" timestamp="2022-02-11T17:25:39 IST" skipped="0">
  <testcase classname="com.authentication.Auth2" name="auth" time="4.385"/>
  <system-out/>
</testsuite> <!-- com.authentication.Auth2 -->
