<?xml version="1.0" encoding="UTF-8"?>
<!-- Generated by org.testng.reporters.JUnitReportReporter -->
<testsuite hostname="LAPTOP-JOF7DOEN" failures="0" tests="2" name="com.authentication.PreemptiveAndDigestive" time="2.387" errors="0" timestamp="2022-02-11T17:12:54 IST" skipped="0">
  <testcase classname="com.authentication.PreemptiveAndDigestive" name="digestiveAuth" time="2.096"/>
  <system-out/>
  <testcase classname="com.authentication.PreemptiveAndDigestive" name="preemptiveAuth" time="0.291"/>
  <system-out/>
</testsuite> <!-- com.authentication.PreemptiveAndDigestive -->
