<?xml version="1.0" encoding="UTF-8"?>
<!-- Generated by org.testng.reporters.JUnitReportReporter -->
<testsuite hostname="LAPTOP-JOF7DOEN" failures="0" tests="1" name="com.requestChainning.RequestChainingPostAndDelete" time="3.449" errors="0" timestamp="2022-02-11T17:07:46 IST" skipped="0">
  <testcase classname="com.requestChainning.RequestChainingPostAndDelete" name="chaining" time="3.449"/>
  <system-out/>
</testsuite> <!-- com.requestChainning.RequestChainingPostAndDelete -->
