<?xml version="1.0" encoding="UTF-8"?>
<!-- Generated by org.testng.reporters.JUnitReportReporter -->
<testsuite hostname="LAPTOP-JOF7DOEN" failures="0" tests="1" name="responseVerification.StaticResponseValidation" time="2.803" errors="0" timestamp="2022-02-10T16:35:27 IST" skipped="0">
  <testcase classname="responseVerification.StaticResponseValidation" name="verify" time="2.803"/>
  <system-out/>
</testsuite> <!-- responseVerification.StaticResponseValidation -->
