<?xml version="1.0" encoding="UTF-8"?>
<!-- Generated by org.testng.reporters.JUnitReportReporter -->
<testsuite hostname="LAPTOP-JOF7DOEN" failures="0" tests="1" name="differentWaysToPostRequest.CreateResourceUsingJsonObject" time="2.653" errors="0" timestamp="2022-02-10T16:21:48 IST" skipped="0">
  <testcase classname="differentWaysToPostRequest.CreateResourceUsingJsonObject" name="create" time="2.653"/>
  <system-out/>
</testsuite> <!-- differentWaysToPostRequest.CreateResourceUsingJsonObject -->
