<?xml version="1.0" encoding="UTF-8"?>
<!-- Generated by org.testng.reporters.JUnitReportReporter -->
<testsuite hostname="LAPTOP-JOF7DOEN" failures="0" tests="1" name="practiceCRUDwithBDD.DeleteResource" time="2.131" errors="0" timestamp="2022-02-10T14:56:39 IST" skipped="0">
  <testcase classname="practiceCRUDwithBDD.DeleteResource" name="delete" time="2.131"/>
  <system-out/>
</testsuite> <!-- practiceCRUDwithBDD.DeleteResource -->
