<?xml version="1.0" encoding="UTF-8"?>
<!-- Generated by org.testng.reporters.JUnitReportReporter -->
<testsuite hostname="LAPTOP-JOF7DOEN" failures="0" tests="1" name="com.parameter.PathParameterTest" time="4.015" errors="0" timestamp="2022-02-11T12:58:31 IST" skipped="0">
  <testcase classname="com.parameter.PathParameterTest" name="parameter" time="4.015"/>
  <system-out/>
</testsuite> <!-- com.parameter.PathParameterTest -->
