<?xml version="1.0" encoding="UTF-8"?>
<!-- Generated by org.testng.reporters.JUnitReportReporter -->
<testsuite hostname="LAPTOP-JOF7DOEN" failures="0" tests="1" name="practiceCRUDwithBDD.UpdateResources" time="2.548" errors="0" timestamp="2022-02-10T15:09:22 IST" skipped="0">
  <testcase classname="practiceCRUDwithBDD.UpdateResources" name="updateResource" time="2.548"/>
  <system-out/>
</testsuite> <!-- practiceCRUDwithBDD.UpdateResources -->
