<?xml version="1.0" encoding="UTF-8"?>
<!-- Generated by org.testng.reporters.JUnitReportReporter -->
<testsuite hostname="LAPTOP-JOF7DOEN" failures="0" tests="1" name="practiceCRUDwithBDD.CreateResource" time="2.828" errors="0" timestamp="2022-02-10T14:29:36 IST" skipped="0">
  <testcase classname="practiceCRUDwithBDD.CreateResource" name="createResource" time="2.828"/>
  <system-out/>
</testsuite> <!-- practiceCRUDwithBDD.CreateResource -->
