<?xml version="1.0" encoding="UTF-8"?>
<!-- Generated by org.testng.reporters.JUnitReportReporter -->
<testsuite hostname="LAPTOP-JOF7DOEN" failures="0" tests="1" name="com.requestChainning.RequestChainningTest" time="2.987" errors="0" timestamp="2022-02-11T14:32:37 IST" skipped="0">
  <testcase classname="com.requestChainning.RequestChainningTest" name="chaining" time="2.987"/>
  <system-out/>
</testsuite> <!-- com.requestChainning.RequestChainningTest -->
