<?xml version="1.0" encoding="UTF-8"?>
<!-- Generated by org.testng.reporters.JUnitReportReporter -->
<testsuite hostname="LAPTOP-JOF7DOEN" failures="0" tests="1" name="differentWaysToPostRequest.Jira" time="12.816" errors="0" timestamp="2022-02-21T16:39:09 IST" skipped="0">
  <testcase classname="differentWaysToPostRequest.Jira" name="create" time="12.816"/>
  <system-out/>
</testsuite> <!-- differentWaysToPostRequest.Jira -->
