<?xml version="1.0" encoding="UTF-8"?>
<!-- Generated by org.testng.reporters.JUnitReportReporter -->
<testsuite hostname="LAPTOP-JOF7DOEN" failures="0" tests="1" name="practiceCRUDwithoutBDD.DeleteProject" time="2.725" errors="0" timestamp="2022-02-11T10:50:01 IST" skipped="0">
  <testcase classname="practiceCRUDwithoutBDD.DeleteProject" name="deleteProject" time="2.725"/>
  <system-out/>
</testsuite> <!-- practiceCRUDwithoutBDD.DeleteProject -->
