<?xml version="1.0" encoding="UTF-8"?>
<!-- Generated by org.testng.reporters.JUnitReportReporter -->
<testsuite hostname="LAPTOP-JOF7DOEN" failures="0" tests="1" name="com.RMGYantraTest.ModifyResourceAndVerifyInDbTest" time="4.445" errors="0" timestamp="2022-02-12T19:08:00 IST" skipped="0">
  <testcase classname="com.RMGYantraTest.ModifyResourceAndVerifyInDbTest" name="modifyResourceAndVerifyInDbTest" time="4.445"/>
  <system-out>
    <![CDATA[NewUser data found in response body
NewUser data created by in db
Verification successful]]>
  </system-out>
</testsuite> <!-- com.RMGYantraTest.ModifyResourceAndVerifyInDbTest -->
