<?xml version="1.0" encoding="UTF-8"?>
<!-- Generated by org.testng.reporters.JUnitReportReporter -->
<testsuite hostname="LAPTOP-JOF7DOEN" failures="0" tests="1" name="com.crm.comcast.rest_assured.com.crm.comcast.rest_assured.AppTest" time="0.011" errors="0" timestamp="2022-02-10T14:47:18 IST" skipped="0">
  <testcase classname="com.crm.comcast.rest_assured.com.crm.comcast.rest_assured.AppTest" name="shouldAnswerWithTrue" time="0.011"/>
  <system-out/>
</testsuite> <!-- com.crm.comcast.rest_assured.com.crm.comcast.rest_assured.AppTest -->
