<?xml version="1.0" encoding="UTF-8"?>
<!-- Generated by org.testng.reporters.JUnitReportReporter -->
<testsuite hostname="LAPTOP-JOF7DOEN" failures="0" tests="1" name="com.parameter.ParametersTest" time="3.777" errors="0" timestamp="2022-02-11T13:26:43 IST" skipped="0">
  <testcase classname="com.parameter.ParametersTest" name="param" time="3.777"/>
  <system-out/>
</testsuite> <!-- com.parameter.ParametersTest -->
