<?xml version="1.0" encoding="UTF-8"?>
<!-- Generated by org.testng.reporters.JUnitReportReporter -->
<testsuite hostname="LAPTOP-JOF7DOEN" failures="0" tests="1" name="practiceCRUDwithoutBDD.CreateProject" time="5.809" errors="0" timestamp="2022-02-11T14:26:25 IST" skipped="0">
  <testcase classname="practiceCRUDwithoutBDD.CreateProject" name="createProject" time="5.809"/>
  <system-out/>
</testsuite> <!-- practiceCRUDwithoutBDD.CreateProject -->
