<?xml version="1.0" encoding="UTF-8"?>
<!-- Generated by org.testng.reporters.JUnitReportReporter -->
<testsuite hostname="LAPTOP-JOF7DOEN" failures="0" tests="1" name="com.authentication.BearerTockenTest" time="3.622" errors="0" timestamp="2022-02-11T16:22:06 IST" skipped="0">
  <testcase classname="com.authentication.BearerTockenTest" name="bearerAuth" time="3.622"/>
  <system-out/>
</testsuite> <!-- com.authentication.BearerTockenTest -->
