<?xml version="1.0" encoding="UTF-8"?>
<!-- Generated by org.testng.reporters.JUnitReportReporter -->
<testsuite hostname="LAPTOP-JOF7DOEN" failures="0" tests="1" name="com.authentication.BasicAuthTest" time="2.563" errors="0" timestamp="2022-02-11T16:08:37 IST" skipped="0">
  <testcase classname="com.authentication.BasicAuthTest" name="basicAuth" time="2.563"/>
  <system-out/>
</testsuite> <!-- com.authentication.BasicAuthTest -->
