<?xml version="1.0" encoding="UTF-8"?>
<!-- Generated by org.testng.reporters.JUnitReportReporter -->
<testsuite hostname="LAPTOP-JOF7DOEN" failures="0" tests="1" name="com.parameter.QuerryParameterTest" time="17.522" errors="0" timestamp="2022-02-11T13:07:43 IST" skipped="0">
  <testcase classname="com.parameter.QuerryParameterTest" name="querryParam" time="17.522"/>
  <system-out/>
</testsuite> <!-- com.parameter.QuerryParameterTest -->
