<?xml version="1.0" encoding="UTF-8"?>
<!-- Generated by org.testng.reporters.JUnitReportReporter -->
<testsuite hostname="LAPTOP-JOF7DOEN" failures="0" tests="2" name="responseVerification.ExecuetMultipleData" time="3.773" errors="0" timestamp="2022-02-10T22:37:17 IST" skipped="0">
  <testcase classname="responseVerification.ExecuetMultipleData" name="verify" time="0.124"/>
  <system-out/>
  <testcase classname="responseVerification.ExecuetMultipleData" name="verify" time="3.649"/>
  <system-out/>
</testsuite> <!-- responseVerification.ExecuetMultipleData -->
